app/build/outputs/mapping/release/seeds.txt
android.support.transition.R$drawable: int notification_action_background
android.support.transition.R$drawable: int notification_bg
android.support.transition.R$drawable: int notification_bg_low
android.support.transition.R$drawable: int notification_bg_low_normal
android.support.transition.R$drawable: int notification_bg_low_pressed
android.support.transition.R$drawable: int notification_bg_normal
android.support.transition.R$drawable: int notification_bg_normal_pressed
android.support.transition.R$drawable: int notification_icon_background
android.support.transition.R$drawable: int notification_template_icon_bg
android.support.transition.R$drawable: int notification_template_icon_low_bg
android.support.transition.R$drawable: int notification_tile_bg
android.support.transition.R$drawable: int notify_panel_notification_icon_bg
android.support.transition.R$id: int action_container
android.support.transition.R$id: int action_divider
android.support.transition.R$id: int action_image
android.support.transition.R$id: int action_text
android.support.transition.R$id: int actions
android.support.transition.R$id: int async
android.support.transition.R$id: int blocking
android.support.transition.R$id: int chronometer
android.support.transition.R$id: int forever
android.support.transition.R$id: int ghost_view
android.support.transition.R$id: int icon
android.support.transition.R$id: int icon_group
android.support.transition.R$id: int info
android.support.transition.R$id: int italic
android.support.transition.R$id: int line1
android.support.transition.R$id: int line3
android.support.transition.R$id: int normal
android.support.transition.R$id: int notification_background
android.support.transition.R$id: int notification_main_column
android.support.transition.R$id: int notification_main_column_container
android.support.transition.R$id: int parent_matrix
android.support.transition.R$id: int right_icon
android.support.transition.R$id: int right_side
android.support.transition.R$id: int save_image_matrix
android.support.transition.R$id: int save_non_transition_alpha
android.support.transition.R$id: int save_scale_type
android.support.transition.R$id: int tag_transition_group
android.support.transition.R$id: int text
android.support.transition.R$id: int text2
android.support.transition.R$id: int time
android.support.transition.R$integer: int status_bar_notification_info_maxnum
android.support.transition.R$layout: int notification_action
android.support.transition.R$layout: int notification_action_tombstone
android.support.transition.R$layout: int notification_template_custom_big
android.support.transition.R$layout: int notification_template_icon_group
android.support.transition.R$layout: int notification_template_part_chronometer
android.support.transition.R$layout: int notification_template_part_time
android.support.transition.R$string: int status_bar_notification_info_overflow
android.support.transition.R$style: int TextAppearance_Compat_Notification
android.support.transition.R$style: int TextAppearance_Compat_Notification_Info
android.support.transition.R$style: int TextAppearance_Compat_Notification_Line2
android.support.transition.R$style: int TextAppearance_Compat_Notification_Time
android.support.transition.R$style: int TextAppearance_Compat_Notification_Title
android.support.transition.R$style: int Widget_Compat_NotificationActionContainer
android.support.transition.R$style: int Widget_Compat_NotificationActionText