app/build/outputs/mapping/release/usage.txt
android.support.graphics.drawable.VectorDrawableCompat$VectorDrawableCompatState:
    int[] mCachedThemeAttrs
android.support.graphics.drawable.animated.BuildConfig
android.support.graphics.drawable.animated.R
android.support.graphics.drawable.animated.R$attr
android.support.graphics.drawable.animated.R$bool
android.support.graphics.drawable.animated.R$color
android.support.graphics.drawable.animated.R$dimen
android.support.graphics.drawable.animated.R$drawable
android.support.graphics.drawable.animated.R$id
android.support.graphics.drawable.animated.R$integer
android.support.graphics.drawable.animated.R$layout
android.support.graphics.drawable.animated.R$string
android.support.graphics.drawable.animated.R$style
android.support.graphics.drawable.animated.R$styleable
android.support.mediacompat.BuildConfig
android.support.mediacompat.R
android.support.mediacompat.R$attr
android.support.mediacompat.R$bool
android.support.mediacompat.R$color
android.support.mediacompat.R$dimen
android.support.mediacompat.R$drawable
android.support.mediacompat.R$id
android.support.mediacompat.R$integer
android.support.mediacompat.R$layout
android.support.mediacompat.R$string
android.support.mediacompat.R$style
android.support.mediacompat.R$styleable
android.support.transition.AnimatorUtils:
    24:24:AnimatorUtils()
android.support.transition.ArcMotion
android.support.transition.AutoTransition:
    42:44:public AutoTransition(android.content.Context,android.util.AttributeSet)
android.support.transition.BuildConfig
android.support.transition.ChangeBounds:
    private static final java.lang.String PROPNAME_BOUNDS
    private static final java.lang.String PROPNAME_CLIP
    private static final java.lang.String PROPNAME_PARENT
    private static final java.lang.String PROPNAME_WINDOW_X
    private static final java.lang.String PROPNAME_WINDOW_Y
    162:179:public ChangeBounds(android.content.Context,android.util.AttributeSet)
    201:202:public void setResizeClip(boolean)
    212:212:public boolean getResizeClip()
android.support.transition.ChangeBounds$9:
    395:397:public void onTransitionCancel(android.support.transition.Transition)
android.support.transition.ChangeClipBounds
android.support.transition.ChangeClipBounds$1
android.support.transition.ChangeImageTransform
android.support.transition.ChangeImageTransform$1
android.support.transition.ChangeImageTransform$2
android.support.transition.ChangeImageTransform$3
android.support.transition.ChangeScroll
android.support.transition.ChangeTransform
android.support.transition.ChangeTransform$1
android.support.transition.ChangeTransform$2
android.support.transition.ChangeTransform$3
android.support.transition.ChangeTransform$GhostListener
android.support.transition.ChangeTransform$PathAnimatorMatrix
android.support.transition.ChangeTransform$Transforms
android.support.transition.CircularPropagation
android.support.transition.Explode
android.support.transition.Fade:
    private static final java.lang.String PROPNAME_TRANSITION_ALPHA
    private static final java.lang.String LOG_TAG
    public static final int IN
    public static final int OUT
    100:107:public Fade(android.content.Context,android.util.AttributeSet)
android.support.transition.FloatArrayEvaluator
android.support.transition.FragmentTransitionSupport$1:
    90:90:public android.graphics.Rect onGetEpicenter(android.support.transition.Transition)
android.support.transition.FragmentTransitionSupport$2:
    164:164:public void onTransitionCancel(android.support.transition.Transition)
android.support.transition.FragmentTransitionSupport$3:
    238:238:public void onTransitionCancel(android.support.transition.Transition)
android.support.transition.FragmentTransitionSupport$4:
    311:314:public android.graphics.Rect onGetEpicenter(android.support.transition.Transition)
android.support.transition.GhostViewApi14
android.support.transition.GhostViewApi14$1
android.support.transition.GhostViewApi14$Creator